SF:lib\bloc\movies_list\movies_list_bloc.dart
DA:12,3
DA:13,2
DA:14,2
DA:17,2
DA:18,1
DA:19,1
DA:20,1
DA:21,1
DA:22,1
DA:23,2
DA:25,2
DA:27,1
DA:28,2
LF:13
LH:13
end_of_record
SF:lib\bloc\movies_list\movies_list_event.dart
DA:4,1
DA:5,0
DA:6,0
DA:12,1
DA:14,0
DA:15,0
LF:6
LH:2
end_of_record
SF:lib\bloc\movies_list\movies_list_state.dart
DA:5,1
DA:6,0
DA:7,0
DA:11,1
DA:12,1
DA:16,1
DA:17,1
DA:18,1
DA:22,1
DA:23,1
DA:24,1
DA:30,1
DA:33,1
DA:34,1
DA:35,1
DA:41,1
DA:42,1
DA:43,2
LF:18
LH:16
end_of_record
SF:lib\models\movie.dart
DA:32,1
DA:61,1
DA:62,1
DA:63,1
DA:64,1
DA:65,1
DA:66,1
DA:67,1
DA:68,1
DA:69,1
DA:70,1
DA:71,1
DA:72,1
DA:73,1
DA:74,1
DA:75,1
DA:76,1
DA:77,1
DA:78,1
DA:79,1
DA:80,1
DA:81,1
DA:82,1
DA:83,1
DA:84,1
DA:85,1
DA:86,1
DA:87,1
DA:88,1
DA:89,1
LF:30
LH:30
end_of_record
SF:lib\services\movies_list_repository.dart
DA:13,0
DA:16,0
DA:19,0
DA:20,0
DA:22,0
DA:23,0
DA:24,0
DA:25,0
DA:28,0
DA:29,0
DA:31,0
DA:33,0
DA:34,0
DA:35,0
DA:37,0
DA:41,0
DA:42,0
DA:43,0
DA:44,0
DA:45,0
DA:46,0
DA:47,0
DA:48,0
DA:49,0
DA:50,0
DA:51,0
DA:53,0
DA:57,0
DA:60,0
DA:61,0
DA:63,0
LF:31
LH:0
end_of_record
SF:lib\services\network.dart
DA:7,0
DA:9,0
DA:10,0
DA:12,0
DA:13,0
DA:14,0
DA:16,0
LF:7
LH:0
end_of_record
SF:lib\utits\constants.dart
DA:6,0
DA:7,0
DA:9,0
DA:10,0
DA:12,0
DA:14,0
LF:6
LH:0
end_of_record
SF:lib\bloc\movie_details\movie_details_bloc.dart
DA:14,0
DA:16,0
DA:17,0
DA:19,0
DA:20,0
DA:21,0
DA:22,0
DA:23,0
DA:24,0
DA:26,0
DA:28,0
DA:31,0
DA:32,0
LF:13
LH:0
end_of_record
SF:lib\services\movie_details_repository.dart
DA:15,0
DA:22,0
DA:24,0
DA:25,0
DA:26,0
DA:27,0
DA:28,0
DA:30,0
DA:31,0
DA:32,0
DA:33,0
DA:34,0
DA:35,0
DA:36,0
DA:37,0
DA:38,0
DA:39,0
DA:40,0
DA:41,0
DA:42,0
DA:43,0
DA:44,0
DA:45,0
DA:46,0
DA:47,0
DA:48,0
DA:49,0
DA:50,0
DA:51,0
DA:52,0
DA:53,0
DA:54,0
DA:55,0
DA:57,0
DA:59,0
LF:35
LH:0
end_of_record
SF:lib\bloc\movie_details\movie_details_event.dart
DA:4,0
DA:6,0
DA:7,0
DA:12,0
DA:15,0
DA:16,0
LF:6
LH:0
end_of_record
SF:lib\bloc\movie_details\movie_details_state.dart
DA:5,0
DA:6,0
DA:7,0
DA:11,0
DA:12,0
DA:16,0
DA:17,0
DA:18,0
DA:27,0
DA:28,0
DA:29,0
DA:34,0
DA:35,0
DA:36,0
LF:14
LH:0
end_of_record
